<?xml version="1.0" encoding="UTF-8"?>
<testng-results skipped="0" failed="0" total="1" passed="1">
  <reporter-output>
  </reporter-output>
  <suite name="Default suite" duration-ms="2486" started-at="2020-03-22T04:06:39Z" finished-at="2020-03-22T04:06:42Z">
    <groups>
    </groups>
    <test name="Default test" duration-ms="2486" started-at="2020-03-22T04:06:39Z" finished-at="2020-03-22T04:06:42Z">
      <class name="com.qa.tests.PostAPI">
        <test-method status="PASS" signature="setup()[pri:0, instance:com.qa.tests.PostAPI@d4342c2]" name="setup" is-config="true" duration-ms="12" started-at="2020-03-22T09:36:39Z" finished-at="2020-03-22T09:36:39Z">
          <reporter-output>
          </reporter-output>
        </test-method> <!-- setup -->
        <test-method status="PASS" signature="postAPITest()[pri:0, instance:com.qa.tests.PostAPI@d4342c2]" name="postAPITest" duration-ms="2450" started-at="2020-03-22T09:36:39Z" finished-at="2020-03-22T09:36:42Z">
          <reporter-output>
          </reporter-output>
        </test-method> <!-- postAPITest -->
      </class> <!-- com.qa.tests.PostAPI -->
    </test> <!-- Default test -->
  </suite> <!-- Default suite -->
</testng-results>
